Login bem-sucedido: Usuário: cfdobrasil, IP: ::1, Horário: 05-06-2023 19:52:14
Login bem-sucedido: Usuário: cfdobrasil, IP: ::1, Horário: 05-06-2023 19:53:20
Login bem-sucedido: Usuário: cfdobrasil, IP: 192.168.31.87, Horário: 05-06-2023 22:15:42
Login bem-sucedido: Usuário: cfdobrasil, IP: ::1, Horário: 13-06-2023 09:24:36
Falha no login: Usuário: cfdobrasil, IP: ::1, Horário: 13-06-2023 09:45:19
Falha no login: Usuário: cfdobrasil, IP: ::1, Horário: 13-06-2023 11:01:19
Falha no login: Usuário: cfdobrasil, IP: ::1, Horário: 13-06-2023 11:01:29
Falha no login: Usuário: cfdobrasil, IP: ::1, Horário: 13-06-2023 11:01:46
Falha no login: Usuário: cfdobrasil, IP: ::1, Horário: 13-06-2023 11:06:35
Falha no login: Usuário: cfdobrasil, IP: ::1, Horário: 13-06-2023 11:06:52
Falha no login: Usuário: cfdobrasil, IP: ::1, Horário: 13-06-2023 11:11:30
Falha no login: Usuário: johnaugust, IP: ::1, Horário: 13-06-2023 11:21:41
Falha no login: Usuário: johnaugust, IP: ::1, Horário: 13-06-2023 11:22:41
Falha no login: Usuário: johnaugust, IP: ::1, Horário: 13-06-2023 11:25:02
Falha no login: Usuário: johnaugust, IP: ::1, Horário: 13-06-2023 11:28:39
Falha no login: Usuário: johnaugust, IP: ::1, Horário: 13-06-2023 11:29:14
Falha no login: Usuário: johnaugust, IP: ::1, Horário: 13-06-2023 11:38:05
Falha no login: Usuário: johnaugust, IP: ::1, Horário: 13-06-2023 11:38:18
Falha no login: Usuário: johnaugust, IP: ::1, Horário: 13-06-2023 11:39:02
Login bem-sucedido: Usuário: cfdobrasil, IP: ::1, Horário: 13-06-2023 11:45:58
Falha no login: Usuário: cfdobrasil, IP: ::1, Horário: 13-06-2023 11:48:12
Falha no login: Usuário: cfdobrasil, IP: ::1, Horário: 13-06-2023 11:56:47
Falha no login: Usuário: cfdobrasil, IP: ::1, Horário: 13-06-2023 11:57:45
Falha no login: Usuário: cfdobrasil, IP: ::1, Horário: 13-06-2023 11:58:40
Falha no login: Usuário: cfdobrasil, IP: ::1, Horário: 13-06-2023 11:58:50
Falha no login: Usuário: cfdobrasil, IP: ::1, Horário: 13-06-2023 12:01:31
Falha no login: Usuário: cfdobrasil, IP: ::1, Horário: 13-06-2023 12:01:44
Falha no login: Usuário: cfdobrasil, IP: ::1, Horário: 13-06-2023 12:03:00
Falha no login: Usuário: cfdobrasil, IP: ::1, Horário: 13-06-2023 13:34:13
Falha no login: Usuário: cfdobrasil, IP: ::1, Horário: 13-06-2023 13:35:26
Falha no login: Usuário: , IP: ::1, Horário: 13-06-2023 13:37:03
Falha no login: Usuário: , IP: ::1, Horário: 13-06-2023 13:37:11
Falha no login: Usuário: cfdobrasil, IP: ::1, Horário: 13-06-2023 13:41:18
Login bem-sucedido: Usuário: cfdobrasil, IP: ::1, Horário: 13-06-2023 13:41:35
Falha no login: Usuário: cfdobrasil, IP: ::1, Horário: 13-06-2023 13:44:48
Login bem-sucedido: Usuário: cfdobrasil, IP: ::1, Horário: 13-06-2023 13:45:03
Login bem-sucedido: Usuário: cfdobrasil, IP: ::1, Horário: 13-06-2023 13:48:00
Login bem-sucedido: Usuário: cfdobrasil, IP: ::1, Horário: 13-06-2023 13:49:42
Login bem-sucedido: Usuário: cfdobrasil, IP: ::1, Horário: 13-06-2023 13:51:49
Login bem-sucedido: Usuário: admin, IP: ::1, Horário: 13-06-2023 14:09:55
Falha no login: Usuário: admin, IP: ::1, Horário: 13-06-2023 14:11:55
Login bem-sucedido: Usuário: admin, IP: ::1, Horário: 13-06-2023 14:12:04
Login bem-sucedido: Usuário: admin, IP: ::1, Horário: 13-06-2023 14:20:33
Login bem-sucedido: Usuário: cfdobrasil, IP: ::1, Horário: 13-06-2023 14:20:44
Login bem-sucedido: Usuário: cfdobrasil, IP: ::1, Horário: 13-06-2023 14:28:43
Login bem-sucedido: Usuário: cfdobrasil, IP: ::1, Horário: 13-06-2023 14:28:51
Login bem-sucedido: Usuário: admin, IP: ::1, Horário: 13-06-2023 14:29:06
Login bem-sucedido: Usuário: admin, IP: ::1, Horário: 13-06-2023 14:29:32
Login bem-sucedido: Usuário: admin, IP: ::1, Horário: 13-06-2023 14:31:52
Login bem-sucedido: Usuário: cfdobrasil, IP: ::1, Horário: 13-06-2023 14:32:06
Login bem-sucedido: Usuário: admin, IP: ::1, Horário: 13-06-2023 14:32:15
Login bem-sucedido: Usuário: admin, IP: ::1, Horário: 13-06-2023 14:32:52
Login bem-sucedido: Usuário: admin, IP: ::1, Horário: 13-06-2023 14:33:29
Login bem-sucedido: Usuário: admin, IP: ::1, Horário: 13-06-2023 14:34:18
Login bem-sucedido: Usuário: admin, IP: ::1, Horário: 13-06-2023 14:48:34
Login bem-sucedido: Usuário: admin, IP: ::1, Horário: 13-06-2023 14:55:01
Login bem-sucedido: Usuário: admin, IP: ::1, Horário: 13-06-2023 14:57:09
Login bem-sucedido: Usuário: admin, IP: ::1, Horário: 13-06-2023 15:00:31
Login bem-sucedido: Usuário: admin, IP: ::1, Horário: 13-06-2023 15:01:03
Login bem-sucedido: Usuário: admin, IP: ::1, Horário: 13-06-2023 15:01:16
Login bem-sucedido: Usuário: admin, IP: ::1, Horário: 13-06-2023 15:04:49
Login bem-sucedido: Usuário: admin, IP: ::1, Horário: 13-06-2023 15:05:11
Login bem-sucedido: Usuário: admin, IP: ::1, Horário: 13-06-2023 15:10:34
Login bem-sucedido: Usuário: admin, IP: ::1, Horário: 13-06-2023 15:11:03
Login bem-sucedido: Usuário: admin, IP: ::1, Horário: 13-06-2023 15:11:17
Login bem-sucedido: Usuário: cfdobrasil, IP: ::1, Horário: 13-06-2023 16:03:01
Login bem-sucedido: Usuário: admin, IP: ::1, Horário: 14-06-2023 10:20:51
Login bem-sucedido: Usuário: admin, IP: ::1, Horário: 14-06-2023 10:21:02
Login bem-sucedido: Usuário: admin, IP: ::1, Horário: 14-06-2023 10:28:24
Login bem-sucedido: Usuário: admin, IP: ::1, Horário: 14-06-2023 10:30:29
Login bem-sucedido: Usuário: admin, IP: ::1, Horário: 14-06-2023 10:35:46
Login bem-sucedido: Usuário: admin, IP: ::1, Horário: 14-06-2023 10:36:33
Login bem-sucedido: Usuário: admin, IP: ::1, Horário: 14-06-2023 10:41:14
Login bem-sucedido: Usuário: admin, IP: ::1, Horário: 14-06-2023 10:41:49
